<?xml version="1.0" encoding="UTF-8"?>
<!-- Generated by org.testng.reporters.JUnitReportReporter -->
<testsuite hostname="Nileshs-MacBook-Pro.local" failures="0" tests="2" name="com.pCloudy.testNG.Runner" time="92.955" errors="1" timestamp="02 Apr 2024 13:50:31 GMT" skipped="0">
  <testcase classname="com.pCloudy.testNG.Runner" name="FailTheTest" time="15.693">
    <error message="An element could not be located on the page using the given search parameters.
For documentation on this error, please visit: https://www.seleniumhq.org/exceptions/no_such_element.html
Build info: version: &#039;3.141.59&#039;, revision: &#039;e82be7d358&#039;, time: &#039;2018-11-14T08:17:03&#039;
System info: host: &#039;Nileshs-MacBook-Pro.local&#039;, ip: &#039;2001:8003:4784:1301:9075:23a8:846f:5db%en0&#039;, os.name: &#039;Mac OS X&#039;, os.arch: &#039;x86_64&#039;, os.version: &#039;12.2.1&#039;, java.version: &#039;17.0.3&#039;
Driver info: io.appium.java_client.android.AndroidDriver
Capabilities {app: /opt/raid-data/data/user/12..., appActivity: com.ba.mobile.LaunchActivity, appPackage: com.pcloudy.appiumdemo, automationName: uiautomator2, build: Build_701, databaseEnabled: false, desired: {app: /opt/raid-data/data/user/12..., appActivity: com.ba.mobile.LaunchActivity, appPackage: com.pcloudy.appiumdemo, automationName: uiautomator2, build: Build_701, deviceName: 530, launchTimeout: 90000, name: FailTheTest, newCommandTimeout: 600, pCloudy_ApiKey: js45jq5c4wf22jmb9628wsm8, pCloudy_ApplicationName: pCloudy_Appium_Demo-1666933..., pCloudy_DeviceManafacturer: Motorola, pCloudy_DurationInMinutes: 10, pCloudy_EnableDeviceLogs: true, pCloudy_EnablePerformanceData: true, pCloudy_EnableVideo: true, pCloudy_Username: nilesh.tarale@sstsinc.com, platformName: android, platformVersion: 11, project: Prtesting_webapp, systemPort: 30544, tag: Android}, deviceApiLevel: 30, deviceManufacturer: motorola, deviceModel: motorola one vision, deviceName: ZF6224HG8T, deviceScreenDensity: 480, deviceScreenSize: 1080x2520, deviceUDID: ZF6224HG8T, javascriptEnabled: true, launchTimeout: 90000, locationContextEnabled: false, name: FailTheTest, networkConnectionEnabled: true, newCommandTimeout: 600, pCloudy_ApiKey: js45jq5c4wf22jmb9628wsm8, pCloudy_ApplicationName: pCloudy_Appium_Demo-1666933..., pCloudy_DeviceManafacturer: Motorola, pCloudy_DurationInMinutes: 10, pCloudy_EnableDeviceLogs: true, pCloudy_EnablePerformanceData: true, pCloudy_EnableVideo: true, pCloudy_Username: nilesh.tarale@sstsinc.com, pixelRatio: 3, platform: LINUX, platformName: Android, platformVersion: 11, project: Prtesting_webapp, statBarHeight: 167, systemPort: 30544, tag: Android, takesScreenshot: true, viewportRect: {height: 2051, left: 0, top: 167, width: 1080}, warnings: {}, webStorageEnabled: false}
Session ID: 0b48bca0-dac4-4c23-8dcb-ae0b337bd484
*** Element info: {Using=xpath, value=//android.widget.Button[@resource-id=&#039;com.pcloudy.appiumdemo:id/flightButton1&#039;]}" type="org.openqa.selenium.NoSuchElementException">
      <![CDATA[org.openqa.selenium.NoSuchElementException: An element could not be located on the page using the given search parameters.
For documentation on this error, please visit: https://www.seleniumhq.org/exceptions/no_such_element.html
Build info: version: '3.141.59', revision: 'e82be7d358', time: '2018-11-14T08:17:03'
System info: host: 'Nileshs-MacBook-Pro.local', ip: '2001:8003:4784:1301:9075:23a8:846f:5db%en0', os.name: 'Mac OS X', os.arch: 'x86_64', os.version: '12.2.1', java.version: '17.0.3'
Driver info: io.appium.java_client.android.AndroidDriver
Capabilities {app: /opt/raid-data/data/user/12..., appActivity: com.ba.mobile.LaunchActivity, appPackage: com.pcloudy.appiumdemo, automationName: uiautomator2, build: Build_701, databaseEnabled: false, desired: {app: /opt/raid-data/data/user/12..., appActivity: com.ba.mobile.LaunchActivity, appPackage: com.pcloudy.appiumdemo, automationName: uiautomator2, build: Build_701, deviceName: 530, launchTimeout: 90000, name: FailTheTest, newCommandTimeout: 600, pCloudy_ApiKey: js45jq5c4wf22jmb9628wsm8, pCloudy_ApplicationName: pCloudy_Appium_Demo-1666933..., pCloudy_DeviceManafacturer: Motorola, pCloudy_DurationInMinutes: 10, pCloudy_EnableDeviceLogs: true, pCloudy_EnablePerformanceData: true, pCloudy_EnableVideo: true, pCloudy_Username: nilesh.tarale@sstsinc.com, platformName: android, platformVersion: 11, project: Prtesting_webapp, systemPort: 30544, tag: Android}, deviceApiLevel: 30, deviceManufacturer: motorola, deviceModel: motorola one vision, deviceName: ZF6224HG8T, deviceScreenDensity: 480, deviceScreenSize: 1080x2520, deviceUDID: ZF6224HG8T, javascriptEnabled: true, launchTimeout: 90000, locationContextEnabled: false, name: FailTheTest, networkConnectionEnabled: true, newCommandTimeout: 600, pCloudy_ApiKey: js45jq5c4wf22jmb9628wsm8, pCloudy_ApplicationName: pCloudy_Appium_Demo-1666933..., pCloudy_DeviceManafacturer: Motorola, pCloudy_DurationInMinutes: 10, pCloudy_EnableDeviceLogs: true, pCloudy_EnablePerformanceData: true, pCloudy_EnableVideo: true, pCloudy_Username: nilesh.tarale@sstsinc.com, pixelRatio: 3, platform: LINUX, platformName: Android, platformVersion: 11, project: Prtesting_webapp, statBarHeight: 167, systemPort: 30544, tag: Android, takesScreenshot: true, viewportRect: {height: 2051, left: 0, top: 167, width: 1080}, warnings: {}, webStorageEnabled: false}
Session ID: 0b48bca0-dac4-4c23-8dcb-ae0b337bd484
*** Element info: {Using=xpath, value=//android.widget.Button[@resource-id='com.pcloudy.appiumdemo:id/flightButton1']}
	at java.base/jdk.internal.reflect.NativeConstructorAccessorImpl.newInstance0(Native Method)
	at java.base/jdk.internal.reflect.NativeConstructorAccessorImpl.newInstance(NativeConstructorAccessorImpl.java:77)
	at java.base/jdk.internal.reflect.DelegatingConstructorAccessorImpl.newInstance(DelegatingConstructorAccessorImpl.java:45)
	at java.base/java.lang.reflect.Constructor.newInstanceWithCaller(Constructor.java:499)
	at java.base/java.lang.reflect.Constructor.newInstance(Constructor.java:480)
	at org.openqa.selenium.remote.http.W3CHttpResponseCodec.createException(W3CHttpResponseCodec.java:187)
	at org.openqa.selenium.remote.http.W3CHttpResponseCodec.decode(W3CHttpResponseCodec.java:122)
	at org.openqa.selenium.remote.http.W3CHttpResponseCodec.decode(W3CHttpResponseCodec.java:49)
	at org.openqa.selenium.remote.HttpCommandExecutor.execute(HttpCommandExecutor.java:158)
	at io.appium.java_client.remote.AppiumCommandExecutor.execute(AppiumCommandExecutor.java:239)
	at org.openqa.selenium.remote.RemoteWebDriver.execute(RemoteWebDriver.java:552)
	at io.appium.java_client.DefaultGenericMobileDriver.execute(DefaultGenericMobileDriver.java:41)
	at io.appium.java_client.AppiumDriver.execute(AppiumDriver.java:1)
	at io.appium.java_client.android.AndroidDriver.execute(AndroidDriver.java:1)
	at org.openqa.selenium.remote.RemoteWebDriver.findElement(RemoteWebDriver.java:323)
	at io.appium.java_client.DefaultGenericMobileDriver.findElement(DefaultGenericMobileDriver.java:61)
	at io.appium.java_client.AppiumDriver.findElement(AppiumDriver.java:1)
	at io.appium.java_client.android.AndroidDriver.findElement(AndroidDriver.java:1)
	at org.openqa.selenium.remote.RemoteWebDriver.findElementByXPath(RemoteWebDriver.java:428)
	at io.appium.java_client.DefaultGenericMobileDriver.findElementByXPath(DefaultGenericMobileDriver.java:151)
	at io.appium.java_client.AppiumDriver.findElementByXPath(AppiumDriver.java:1)
	at io.appium.java_client.android.AndroidDriver.findElementByXPath(AndroidDriver.java:1)
	at org.openqa.selenium.By$ByXPath.findElement(By.java:353)
	at org.openqa.selenium.remote.RemoteWebDriver.findElement(RemoteWebDriver.java:315)
	at io.appium.java_client.DefaultGenericMobileDriver.findElement(DefaultGenericMobileDriver.java:57)
	at io.appium.java_client.AppiumDriver.findElement(AppiumDriver.java:1)
	at io.appium.java_client.android.AndroidDriver.findElement(AndroidDriver.java:1)
	at com.pCloudy.testNG.Runner.FailTheTest(Runner.java:122)
	at java.base/jdk.internal.reflect.NativeMethodAccessorImpl.invoke0(Native Method)
	at java.base/jdk.internal.reflect.NativeMethodAccessorImpl.invoke(NativeMethodAccessorImpl.java:77)
	at java.base/jdk.internal.reflect.DelegatingMethodAccessorImpl.invoke(DelegatingMethodAccessorImpl.java:43)
	at java.base/java.lang.reflect.Method.invoke(Method.java:568)
	at org.testng.internal.MethodInvocationHelper.invokeMethod(MethodInvocationHelper.java:108)
	at org.testng.internal.Invoker.invokeMethod(Invoker.java:661)
	at org.testng.internal.Invoker.invokeTestMethod(Invoker.java:869)
	at org.testng.internal.Invoker.invokeTestMethods(Invoker.java:1193)
	at org.testng.internal.TestMethodWorker.invokeTestMethods(TestMethodWorker.java:126)
	at org.testng.internal.TestMethodWorker.run(TestMethodWorker.java:109)
	at org.testng.TestRunner.privateRun(TestRunner.java:744)
	at org.testng.TestRunner.run(TestRunner.java:602)
	at org.testng.SuiteRunner.runTest(SuiteRunner.java:380)
	at org.testng.SuiteRunner.runSequentially(SuiteRunner.java:375)
	at org.testng.SuiteRunner.privateRun(SuiteRunner.java:340)
	at org.testng.SuiteRunner.run(SuiteRunner.java:289)
	at org.testng.SuiteRunnerWorker.runSuite(SuiteRunnerWorker.java:52)
	at org.testng.SuiteRunnerWorker.run(SuiteRunnerWorker.java:86)
	at org.testng.TestNG.runSuitesSequentially(TestNG.java:1301)
	at org.testng.TestNG.runSuitesLocally(TestNG.java:1226)
	at org.testng.TestNG.runSuites(TestNG.java:1144)
	at org.testng.TestNG.run(TestNG.java:1115)
	at org.testng.remote.AbstractRemoteTestNG.run(AbstractRemoteTestNG.java:115)
	at org.testng.remote.RemoteTestNG.initAndRun(RemoteTestNG.java:251)
	at org.testng.remote.RemoteTestNG.main(RemoteTestNG.java:77)
]]>
    </error>
  </testcase> <!-- FailTheTest -->
  <testcase classname="com.pCloudy.testNG.Runner" name="SearchFlight" time="77.262"/>
</testsuite> <!-- com.pCloudy.testNG.Runner -->
